<?xml version="1.0" encoding="UTF-8"?>
<!-- Generated by org.testng.reporters.JUnitReportReporter -->
<testsuite hostname="DESKTOP-3RHQS1L" failures="0" tests="1" name="CRUD_With_BDD.Patch_BDD_Test" time="2.248" errors="0" timestamp="2024-07-04T21:49:36 IST" skipped="0">
  <testcase classname="CRUD_With_BDD.Patch_BDD_Test" name="updateDataInServer" time="2.248"/>
</testsuite> <!-- CRUD_With_BDD.Patch_BDD_Test -->
