<?xml version="1.0" encoding="UTF-8"?>
<!-- Generated by org.testng.reporters.JUnitReportReporter -->
<testsuite hostname="DESKTOP-3RHQS1L" failures="0" tests="1" name="com.backend.testing.classB_MCandStatImp" time="0.013" errors="0" timestamp="2024-06-20T18:26:49 IST" skipped="0">
  <testcase classname="com.backend.testing.classB_MCandStatImp" name="execMethod" time="0.013"/>
</testsuite> <!-- com.backend.testing.classB_MCandStatImp -->
