<?xml version="1.0" encoding="UTF-8"?>
<!-- Generated by org.testng.reporters.JUnitReportReporter -->
<testsuite hostname="DESKTOP-3RHQS1L" failures="0" tests="1" name="RequestChaining.Sc3_getPayrollInfoViaAuthToken" time="3.345" errors="0" timestamp="2024-06-25T15:09:12 IST" skipped="0">
  <testcase classname="RequestChaining.Sc3_getPayrollInfoViaAuthToken" name="getPayrollViaAuthTokenMtd" time="3.345"/>
</testsuite> <!-- RequestChaining.Sc3_getPayrollInfoViaAuthToken -->
