<?xml version="1.0" encoding="UTF-8"?>
<!-- Generated by org.testng.reporters.JUnitReportReporter -->
<testsuite hostname="DESKTOP-3RHQS1L" failures="0" tests="1" name="Encryption.EncodingInAPITesting" time="2.226" errors="0" timestamp="2024-08-26T06:35:37 IST" skipped="0">
  <testcase classname="Encryption.EncodingInAPITesting" name="encInAPITestingMtd" time="2.226"/>
</testsuite> <!-- Encryption.EncodingInAPITesting -->
