<?xml version="1.0" encoding="UTF-8"?>
<!-- Generated by org.testng.reporters.JUnitReportReporter -->
<testsuite hostname="DESKTOP-3RHQS1L" failures="0" tests="1" name="Encryption.UpdatePayrollInfoViaAESEncryption" time="1.997" errors="0" timestamp="2024-06-27T13:43:46 IST" skipped="0">
  <testcase classname="Encryption.UpdatePayrollInfoViaAESEncryption" name="payrollInfoViaAESMtd" time="1.997"/>
</testsuite> <!-- Encryption.UpdatePayrollInfoViaAESEncryption -->
