<?xml version="1.0" encoding="UTF-8"?>
<!-- Generated by org.testng.reporters.JUnitReportReporter -->
<testsuite hostname="DESKTOP-3RHQS1L" failures="0" tests="1" name="Parameters.PathParameter" time="2.082" errors="0" timestamp="2024-08-26T07:49:02 IST" skipped="0">
  <testcase classname="Parameters.PathParameter" name="pathParamMtd" time="2.082"/>
</testsuite> <!-- Parameters.PathParameter -->
