<?xml version="1.0" encoding="UTF-8"?>
<!-- Generated by org.testng.reporters.JUnitReportReporter -->
<testsuite hostname="DESKTOP-3RHQS1L" failures="0" tests="1" name="TypesOfPOSTRequest.PostReqVia_JsonFile" time="2.066" errors="0" timestamp="2024-06-22T16:03:47 IST" skipped="0">
  <testcase classname="TypesOfPOSTRequest.PostReqVia_JsonFile" name="postDataToServer" time="2.066"/>
</testsuite> <!-- TypesOfPOSTRequest.PostReqVia_JsonFile -->
