<?xml version="1.0" encoding="UTF-8"?>
<!-- Generated by org.testng.reporters.JUnitReportReporter -->
<testsuite hostname="DESKTOP-3RHQS1L" failures="0" tests="1" name="ResponseValidation.dummyRespVerify" time="3.726" errors="0" timestamp="2024-07-09T10:32:35 IST" skipped="0">
  <testcase classname="ResponseValidation.dummyRespVerify" name="verifyRespTimeMtd" time="3.726"/>
</testsuite> <!-- ResponseValidation.dummyRespVerify -->
