<?xml version="1.0" encoding="UTF-8"?>
<!-- Generated by org.testng.reporters.JUnitReportReporter -->
<testsuite hostname="DESKTOP-3RHQS1L" failures="0" tests="1" name="UnderstandBasics.MtdChainAndStatImpo" time="3.167" errors="0" timestamp="2024-06-21T10:58:09 IST" skipped="0">
  <testcase classname="UnderstandBasics.MtdChainAndStatImpo" name="getRequestTest" time="3.167"/>
</testsuite> <!-- UnderstandBasics.MtdChainAndStatImpo -->
