<?xml version="1.0" encoding="UTF-8"?>
<!-- Generated by org.testng.reporters.JUnitReportReporter -->
<testsuite hostname="DESKTOP-3RHQS1L" failures="0" tests="1" name="Auth.BasicAuth" time="2.705" errors="0" timestamp="2024-06-27T10:26:14 IST" skipped="0">
  <testcase classname="Auth.BasicAuth" name="basicAuthMtd" time="2.705"/>
</testsuite> <!-- Auth.BasicAuth -->
