<?xml version="1.0" encoding="UTF-8"?>
<!-- Generated by org.testng.reporters.JUnitReportReporter -->
<testsuite hostname="DESKTOP-3RHQS1L" failures="0" tests="5" name="CRUD_With_BDD.CRUD_WithBDD_ALL" time="5.525" errors="0" timestamp="2024-07-04T22:21:29 IST" skipped="0">
  <testcase classname="CRUD_With_BDD.CRUD_WithBDD_ALL" name="postMtd" time="3.314"/>
  <testcase classname="CRUD_With_BDD.CRUD_WithBDD_ALL" name="putMtd" time="0.285"/>
  <testcase classname="CRUD_With_BDD.CRUD_WithBDD_ALL" name="patchMtd" time="0.251"/>
  <testcase classname="CRUD_With_BDD.CRUD_WithBDD_ALL" name="getMtd" time="1.486"/>
  <testcase classname="CRUD_With_BDD.CRUD_WithBDD_ALL" name="delMtd" time="0.189"/>
</testsuite> <!-- CRUD_With_BDD.CRUD_WithBDD_ALL -->
