<?xml version="1.0" encoding="UTF-8"?>
<!-- Generated by org.testng.reporters.JUnitReportReporter -->
<testsuite hostname="DESKTOP-3RHQS1L" failures="0" tests="1" name="Encryption.EncodeAndDecode" time="0.026" errors="0" timestamp="2024-06-27T10:11:54 IST" skipped="0">
  <testcase classname="Encryption.EncodeAndDecode" name="enAndDeMtd" time="0.026"/>
</testsuite> <!-- Encryption.EncodeAndDecode -->
