<?xml version="1.0" encoding="UTF-8"?>
<!-- Generated by org.testng.reporters.JUnitReportReporter -->
<testsuite hostname="DESKTOP-3RHQS1L" failures="0" tests="1" name="com.sample.crud.WithBDD.demoForDeleteTest" time="2.442" errors="0" timestamp="2024-06-21T17:23:43 IST" skipped="0">
  <testcase classname="com.sample.crud.WithBDD.demoForDeleteTest" name="postDataToServer" time="2.442"/>
</testsuite> <!-- com.sample.crud.WithBDD.demoForDeleteTest -->
