<?xml version="1.0" encoding="UTF-8"?>
<!-- Generated by org.testng.reporters.JUnitReportReporter -->
<testsuite hostname="DESKTOP-3RHQS1L" failures="0" tests="1" name="Auth.Auth_2_0Protocol" time="4.027" errors="0" timestamp="2024-06-27T10:33:35 IST" skipped="0">
  <testcase classname="Auth.Auth_2_0Protocol" name="auth2_0ProtocolMtd" time="4.027"/>
</testsuite> <!-- Auth.Auth_2_0Protocol -->
