<?xml version="1.0" encoding="UTF-8"?>
<!-- Generated by org.testng.reporters.JUnitReportReporter -->
<testsuite hostname="DESKTOP-3RHQS1L" failures="0" tests="1" name="Parameters.QueryParameter" time="2.042" errors="0" timestamp="2024-08-26T07:02:54 IST" skipped="0">
  <testcase classname="Parameters.QueryParameter" name="queryParamMtd" time="2.042"/>
</testsuite> <!-- Parameters.QueryParameter -->
