<?xml version="1.0" encoding="UTF-8"?>
<!-- Generated by org.testng.reporters.JUnitReportReporter -->
<testsuite hostname="DESKTOP-3RHQS1L" failures="0" tests="1" name="JsonToArrayConversion.jsonbodyToArray" time="0.281" errors="0" timestamp="2024-08-27T19:09:09 IST" skipped="0">
  <testcase classname="JsonToArrayConversion.jsonbodyToArray" name="m1" time="0.281"/>
</testsuite> <!-- JsonToArrayConversion.jsonbodyToArray -->
