<?xml version="1.0" encoding="UTF-8"?>
<!-- Generated by org.testng.reporters.JUnitReportReporter -->
<testsuite hostname="DESKTOP-3RHQS1L" failures="0" tests="1" name="JsonPathAndJsonXPath.ImplementingJsonPathSyntax" time="3.072" errors="0" timestamp="2024-08-29T13:17:24 IST" skipped="0">
  <testcase classname="JsonPathAndJsonXPath.ImplementingJsonPathSyntax" name="jsonPathSyntaxMtd" time="3.072"/>
</testsuite> <!-- JsonPathAndJsonXPath.ImplementingJsonPathSyntax -->
