<?xml version="1.0" encoding="UTF-8"?>
<!-- Generated by org.testng.reporters.JUnitReportReporter -->
<testsuite hostname="DESKTOP-3RHQS1L" failures="0" tests="1" name="ResponseValidation.VerifyResponseTime" time="2.979" errors="0" timestamp="2024-07-06T10:32:32 IST" skipped="0">
  <testcase classname="ResponseValidation.VerifyResponseTime" name="verifyRespTimeMtd" time="2.979"/>
</testsuite> <!-- ResponseValidation.VerifyResponseTime -->
