<?xml version="1.0" encoding="UTF-8"?>
<!-- Generated by org.testng.reporters.JUnitReportReporter -->
<testsuite hostname="DESKTOP-3RHQS1L" failures="0" tests="1" name="JsonSchemaValidator.validateRespDatatype_JsonSchemaValidator" time="3.093" errors="0" timestamp="2024-07-05T12:20:58 IST" skipped="0">
  <testcase classname="JsonSchemaValidator.validateRespDatatype_JsonSchemaValidator" name="testJsonSchemaValidator" time="3.093"/>
</testsuite> <!-- JsonSchemaValidator.validateRespDatatype_JsonSchemaValidator -->
