<?xml version="1.0" encoding="UTF-8"?>
<!-- Generated by org.testng.reporters.JUnitReportReporter -->
<testsuite hostname="DESKTOP-3RHQS1L" failures="0" tests="1" name="com.sample.crud.withoutBDD.demoForPutTest" time="2.080" errors="0" timestamp="2024-06-21T16:16:19 IST" skipped="0">
  <testcase classname="com.sample.crud.withoutBDD.demoForPutTest" name="updateDataInServer" time="2.080"/>
</testsuite> <!-- com.sample.crud.withoutBDD.demoForPutTest -->
