<?xml version="1.0" encoding="UTF-8"?>
<!-- Generated by org.testng.reporters.JUnitReportReporter -->
<testsuite hostname="DESKTOP-3RHQS1L" failures="0" tests="1" name="Auth.PreEmptiveAuth" time="2.539" errors="0" timestamp="2024-06-27T10:30:11 IST" skipped="0">
  <testcase classname="Auth.PreEmptiveAuth" name="preEmptiveAuthMtd" time="2.539"/>
</testsuite> <!-- Auth.PreEmptiveAuth -->
