<?xml version="1.0" encoding="UTF-8"?>
<!-- Generated by org.testng.reporters.JUnitReportReporter -->
<testsuite hostname="DESKTOP-3RHQS1L" failures="0" tests="5" name="DataDrivenTesting_API.DataProvider_Excel" time="3.451" errors="0" timestamp="2024-06-27T17:27:49 IST" skipped="0">
  <testcase classname="DataDrivenTesting_API.DataProvider_Excel" name="dataProvHrdCodeMtd" time="0.149"/>
  <testcase classname="DataDrivenTesting_API.DataProvider_Excel" name="dataProvHrdCodeMtd" time="0.198"/>
  <testcase classname="DataDrivenTesting_API.DataProvider_Excel" name="dataProvHrdCodeMtd" time="2.570"/>
  <testcase classname="DataDrivenTesting_API.DataProvider_Excel" name="dataProvHrdCodeMtd" time="0.418"/>
  <testcase classname="DataDrivenTesting_API.DataProvider_Excel" name="dataProvHrdCodeMtd" time="0.116"/>
</testsuite> <!-- DataDrivenTesting_API.DataProvider_Excel -->
