<?xml version="1.0" encoding="UTF-8"?>
<!-- Generated by org.testng.reporters.JUnitReportReporter -->
<testsuite hostname="DESKTOP-3RHQS1L" failures="0" tests="1" name="HandlingJsonBody.jsonbodyToArray_getKeyAndValuesFromJsonBody" time="0.456" errors="0" timestamp="2024-08-29T11:10:18 IST" skipped="0">
  <testcase classname="HandlingJsonBody.jsonbodyToArray_getKeyAndValuesFromJsonBody" name="m1" time="0.456"/>
</testsuite> <!-- HandlingJsonBody.jsonbodyToArray_getKeyAndValuesFromJsonBody -->
