<?xml version="1.0" encoding="UTF-8"?>
<!-- Generated by org.testng.reporters.JUnitReportReporter -->
<testsuite hostname="DESKTOP-3RHQS1L" failures="0" tests="1" name="TypesOfPOSTRequest.PostReqVia_HashMap" time="2.722" errors="0" timestamp="2024-06-22T15:42:51 IST" skipped="0">
  <testcase classname="TypesOfPOSTRequest.PostReqVia_HashMap" name="postDataToServer" time="2.722"/>
</testsuite> <!-- TypesOfPOSTRequest.PostReqVia_HashMap -->
