<?xml version="1.0" encoding="UTF-8"?>
<!-- Generated by org.testng.reporters.JUnitReportReporter -->
<testsuite hostname="DESKTOP-3RHQS1L" failures="0" tests="1" name="Dummies.authDummy" time="2.338" errors="0" timestamp="2024-06-29T18:39:10 IST" skipped="0">
  <testcase classname="Dummies.authDummy" name="bearerTokenAuthMtd" time="2.338"/>
</testsuite> <!-- Dummies.authDummy -->
