<?xml version="1.0" encoding="UTF-8"?>
<!-- Generated by org.testng.reporters.JUnitReportReporter -->
<testsuite hostname="DESKTOP-3RHQS1L" failures="0" tests="1" name="com.sample.crud.WithBDD.demoForPatchTest" time="2.264" errors="0" timestamp="2024-06-21T17:22:08 IST" skipped="0">
  <testcase classname="com.sample.crud.WithBDD.demoForPatchTest" name="updateDataInServer" time="2.264"/>
</testsuite> <!-- com.sample.crud.WithBDD.demoForPatchTest -->
