<?xml version="1.0" encoding="UTF-8"?>
<!-- Generated by org.testng.reporters.JUnitReportReporter -->
<testsuite hostname="DESKTOP-3RHQS1L" failures="0" tests="1" name="TypesOfPOSTRequest.PostReqVia_JsonObject" time="2.409" errors="0" timestamp="2024-06-22T15:35:57 IST" skipped="0">
  <testcase classname="TypesOfPOSTRequest.PostReqVia_JsonObject" name="postDataToServer" time="2.409"/>
</testsuite> <!-- TypesOfPOSTRequest.PostReqVia_JsonObject -->
