<?xml version="1.0" encoding="UTF-8"?>
<!-- Generated by org.testng.reporters.JUnitReportReporter -->
<testsuite hostname="DESKTOP-3RHQS1L" failures="0" tests="1" name="ResponseValidation.VerifyResponseHeader" time="2.818" errors="0" timestamp="2024-07-09T06:01:24 IST" skipped="0">
  <testcase classname="ResponseValidation.VerifyResponseHeader" name="verifyHeaderMtd" time="2.818"/>
</testsuite> <!-- ResponseValidation.VerifyResponseHeader -->
