<?xml version="1.0" encoding="UTF-8"?>
<!-- Generated by org.testng.reporters.JUnitReportReporter -->
<testsuite hostname="DESKTOP-3RHQS1L" failures="0" tests="1" name="Encryption.AES_Encryption" time="0.061" errors="0" timestamp="2024-06-27T13:07:23 IST" skipped="0">
  <testcase classname="Encryption.AES_Encryption" name="aesEncryptMtd" time="0.061"/>
</testsuite> <!-- Encryption.AES_Encryption -->
