<?xml version="1.0" encoding="UTF-8"?>
<!-- Generated by org.testng.reporters.JUnitReportReporter -->
<testsuite hostname="DESKTOP-3RHQS1L" failures="0" tests="1" name="Dummies.dummytoken" time="2.821" errors="0" timestamp="2024-06-29T12:52:13 IST" skipped="0">
  <testcase classname="Dummies.dummytoken" name="d2" time="2.821"/>
</testsuite> <!-- Dummies.dummytoken -->
