<?xml version="1.0" encoding="UTF-8"?>
<!-- Generated by org.testng.reporters.JUnitReportReporter -->
<testsuite hostname="DESKTOP-3RHQS1L" failures="0" tests="5" name="DataDrivenTesting_API.demo" time="0.019" errors="0" timestamp="2024-06-27T17:21:19 IST" skipped="0">
  <testcase classname="DataDrivenTesting_API.demo" name="demo1" time="0.001"/>
  <testcase classname="DataDrivenTesting_API.demo" name="demo1" time="0.002"/>
  <testcase classname="DataDrivenTesting_API.demo" name="demo1" time="0.002"/>
  <testcase classname="DataDrivenTesting_API.demo" name="demo1" time="0.001"/>
  <testcase classname="DataDrivenTesting_API.demo" name="demo1" time="0.013"/>
</testsuite> <!-- DataDrivenTesting_API.demo -->
