<?xml version="1.0" encoding="UTF-8"?>
<!-- Generated by org.testng.reporters.JUnitReportReporter -->
<testsuite hostname="DESKTOP-3RHQS1L" failures="0" tests="3" name="postman_Noushad.Postman_demo" time="11.249" errors="0" timestamp="2024-07-27T16:22:55 IST" skipped="0">
  <testcase classname="postman_Noushad.Postman_demo" name="sample1" time="6.041"/>
  <testcase classname="postman_Noushad.Postman_demo" name="sample2" time="3.561"/>
  <testcase classname="postman_Noushad.Postman_demo" name="sample3" time="1.647"/>
</testsuite> <!-- postman_Noushad.Postman_demo -->
