<?xml version="1.0" encoding="UTF-8"?>
<!-- Generated by org.testng.reporters.JUnitReportReporter -->
<testsuite hostname="DESKTOP-3RHQS1L" failures="0" tests="1" name="HandlingJsonBody.getValueFromJsonFile" time="0.272" errors="0" timestamp="2024-08-27T22:34:43 IST" skipped="0">
  <testcase classname="HandlingJsonBody.getValueFromJsonFile" name="getUrlFromJsonBodyDemoFile" time="0.272"/>
</testsuite> <!-- HandlingJsonBody.getValueFromJsonFile -->
