<?xml version="1.0" encoding="UTF-8"?>
<!-- Generated by org.testng.reporters.JUnitReportReporter -->
<testsuite hostname="DESKTOP-3RHQS1L" failures="0" tests="1" name="Dummies.shiny" time="2.643" errors="0" timestamp="2024-07-06T11:02:52 IST" skipped="0">
  <testcase classname="Dummies.shiny" name="m2" time="2.643"/>
</testsuite> <!-- Dummies.shiny -->
