<?xml version="1.0" encoding="UTF-8"?>
<!-- Generated by org.testng.reporters.JUnitReportReporter -->
<testsuite hostname="DESKTOP-3RHQS1L" failures="0" tests="1" name="ResponseValidation.ResponseValidations_ALL" time="2.889" errors="0" timestamp="2024-08-25T21:13:11 IST" skipped="0">
  <testcase classname="ResponseValidation.ResponseValidations_ALL" name="verifyRespTimeMtd" time="2.889"/>
</testsuite> <!-- ResponseValidation.ResponseValidations_ALL -->
