<?xml version="1.0" encoding="UTF-8"?>
<!-- Generated by org.testng.reporters.JUnitReportReporter -->
<testsuite hostname="DESKTOP-3RHQS1L" failures="0" tests="1" name="com.sample.crud.withoutBDD.demoForPatchTest" time="2.084" errors="0" timestamp="2024-06-21T16:16:50 IST" skipped="0">
  <testcase classname="com.sample.crud.withoutBDD.demoForPatchTest" name="updateDataInServer" time="2.084"/>
</testsuite> <!-- com.sample.crud.withoutBDD.demoForPatchTest -->
