<?xml version="1.0" encoding="UTF-8"?>
<!-- Generated by org.testng.reporters.JUnitReportReporter -->
<testsuite hostname="DESKTOP-3RHQS1L" failures="0" tests="1" name="UnderstandBasics.executeGetMeth_RA" time="2.381" errors="0" timestamp="2024-07-27T12:50:52 IST" skipped="0">
  <testcase classname="UnderstandBasics.executeGetMeth_RA" name="restAssuredMethod" time="2.381"/>
</testsuite> <!-- UnderstandBasics.executeGetMeth_RA -->
