<?xml version="1.0" encoding="UTF-8"?>
<!-- Generated by org.testng.reporters.JUnitReportReporter -->
<testsuite hostname="DESKTOP-3RHQS1L" failures="0" tests="4" name="Payload_Options_POSTRequestTypes.PayloadTypes_ALL" time="4.677" errors="0" timestamp="2024-07-04T19:38:19 IST" skipped="0">
  <testcase classname="Payload_Options_POSTRequestTypes.PayloadTypes_ALL" name="HASHMAPMtd" time="3.137"/>
  <testcase classname="Payload_Options_POSTRequestTypes.PayloadTypes_ALL" name="JSONOBJECTMtd" time="0.646"/>
  <testcase classname="Payload_Options_POSTRequestTypes.PayloadTypes_ALL" name="JSONFILEMtd" time="0.518"/>
  <testcase classname="Payload_Options_POSTRequestTypes.PayloadTypes_ALL" name="POJOCLASSMtd" time="0.376"/>
</testsuite> <!-- Payload_Options_POSTRequestTypes.PayloadTypes_ALL -->
