<?xml version="1.0" encoding="UTF-8"?>
<!-- Generated by org.testng.reporters.JUnitReportReporter -->
<testsuite hostname="DESKTOP-3RHQS1L" failures="0" tests="1" name="UnderstandBasics.demoForStaticImport" time="0.010" errors="0" timestamp="2024-06-20T17:50:01 IST" skipped="0">
  <testcase classname="UnderstandBasics.demoForStaticImport" name="staticImpDemoMethod" time="0.010"/>
</testsuite> <!-- UnderstandBasics.demoForStaticImport -->
