<?xml version="1.0" encoding="UTF-8"?>
<!-- Generated by org.testng.reporters.JUnitReportReporter -->
<testsuite hostname="DESKTOP-3RHQS1L" failures="0" tests="1" name="Dummies.mockPratice" time="4.781" errors="0" timestamp="2024-07-20T11:54:25 IST" skipped="0">
  <testcase classname="Dummies.mockPratice" name="tryAll" time="4.781"/>
</testsuite> <!-- Dummies.mockPratice -->
