<?xml version="1.0" encoding="UTF-8"?>
<!-- Generated by org.testng.reporters.JUnitReportReporter -->
<testsuite hostname="DESKTOP-3RHQS1L" failures="0" tests="1" name="CRUD_With_BDD.Post_BDD_Test" time="2.385" errors="0" timestamp="2024-07-08T10:00:05 IST" skipped="0">
  <testcase classname="CRUD_With_BDD.Post_BDD_Test" name="postDataToServer" time="2.385"/>
</testsuite> <!-- CRUD_With_BDD.Post_BDD_Test -->
