<?xml version="1.0" encoding="UTF-8"?>
<!-- Generated by org.testng.reporters.JUnitReportReporter -->
<testsuite hostname="DESKTOP-3RHQS1L" failures="0" tests="1" name="Payload_Options_POSTRequestTypes.PostReqVia_JsonFile" time="2.116" errors="0" timestamp="2024-07-04T19:20:35 IST" skipped="0">
  <testcase classname="Payload_Options_POSTRequestTypes.PostReqVia_JsonFile" name="postDataToServer" time="2.116"/>
</testsuite> <!-- Payload_Options_POSTRequestTypes.PostReqVia_JsonFile -->
