<?xml version="1.0" encoding="UTF-8"?>
<!-- Generated by org.testng.reporters.JUnitReportReporter -->
<testsuite hostname="DESKTOP-3RHQS1L" failures="0" tests="1" name="Auth.AuthorizationAndAuthentication_All" time="1.806" errors="0" timestamp="2024-08-26T06:39:50 IST" skipped="0">
  <testcase classname="Auth.AuthorizationAndAuthentication_All" name="bearerTokenAuthMtd" time="1.806"/>
</testsuite> <!-- Auth.AuthorizationAndAuthentication_All -->
