<?xml version="1.0" encoding="UTF-8"?>
<!-- Generated by org.testng.reporters.JUnitReportReporter -->
<testsuite hostname="DESKTOP-3RHQS1L" failures="0" tests="1" name="Parameters.FormParameter" time="1.988" errors="0" timestamp="2024-08-26T06:48:24 IST" skipped="0">
  <testcase classname="Parameters.FormParameter" name="formParamMtd" time="1.988"/>
</testsuite> <!-- Parameters.FormParameter -->
