<?xml version="1.0" encoding="UTF-8"?>
<!-- Generated by org.testng.reporters.JUnitReportReporter -->
<testsuite hostname="DESKTOP-3RHQS1L" failures="0" tests="1" name="RequestChaining.Sc1_DeleteProject_RC" time="3.666" errors="0" timestamp="2024-06-24T16:04:05 IST" skipped="0">
  <testcase classname="RequestChaining.Sc1_DeleteProject_RC" name="postDataToServer" time="3.666"/>
</testsuite> <!-- RequestChaining.Sc1_DeleteProject_RC -->
