<?xml version="1.0" encoding="UTF-8"?>
<!-- Generated by org.testng.reporters.JUnitReportReporter -->
<testsuite hostname="DESKTOP-3RHQS1L" failures="0" tests="1" name="Auth.BearerTokenAuth" time="2.740" errors="0" timestamp="2024-06-27T11:08:32 IST" skipped="0">
  <testcase classname="Auth.BearerTokenAuth" name="bearerTokenAuthMtd" time="2.740"/>
</testsuite> <!-- Auth.BearerTokenAuth -->
