<?xml version="1.0" encoding="UTF-8"?>
<!-- Generated by org.testng.reporters.JUnitReportReporter -->
<testsuite hostname="DESKTOP-3RHQS1L" failures="0" tests="1" name="Dummies.demo" time="2.174" errors="0" timestamp="2024-07-27T08:36:39 IST" skipped="0">
  <testcase classname="Dummies.demo" name="demo1" time="2.174"/>
</testsuite> <!-- Dummies.demo -->
