<?xml version="1.0" encoding="UTF-8"?>
<!-- Generated by org.testng.reporters.JUnitReportReporter -->
<testsuite hostname="DESKTOP-3RHQS1L" failures="0" tests="1" name="com.backend.testing.classBforMethodChaining" time="0.015" errors="0" timestamp="2024-06-20T18:18:53 IST" skipped="0">
  <testcase classname="com.backend.testing.classBforMethodChaining" name="sample" time="0.015"/>
</testsuite> <!-- com.backend.testing.classBforMethodChaining -->
