<?xml version="1.0" encoding="UTF-8"?>
<!-- Generated by org.testng.reporters.JUnitReportReporter -->
<testsuite hostname="DESKTOP-3RHQS1L" failures="0" tests="1" name="Please.Please" time="1.751" errors="0" timestamp="2024-06-28T11:07:24 IST" skipped="0">
  <testcase classname="Please.Please" name="sampleTest" time="1.751"/>
</testsuite> <!-- Please.Please -->
