<?xml version="1.0" encoding="UTF-8"?>
<!-- Generated by org.testng.reporters.JUnitReportReporter -->
<testsuite hostname="DESKTOP-3RHQS1L" failures="0" tests="1" name="TypesOfPOSTRequest.PostReqVia_POJOClass" time="2.444" errors="0" timestamp="2024-06-22T16:37:51 IST" skipped="0">
  <testcase classname="TypesOfPOSTRequest.PostReqVia_POJOClass" name="postDataToServer" time="2.444"/>
</testsuite> <!-- TypesOfPOSTRequest.PostReqVia_POJOClass -->
