<?xml version="1.0" encoding="UTF-8"?>
<!-- Generated by org.testng.reporters.JUnitReportReporter -->
<testsuite hostname="DESKTOP-3RHQS1L" failures="0" tests="1" name="wiremock.demoForWiremock" time="1.751" errors="0" timestamp="2024-08-07T19:45:29 IST" skipped="0">
  <testcase classname="wiremock.demoForWiremock" name="m1" time="1.751"/>
</testsuite> <!-- wiremock.demoForWiremock -->
