<?xml version="1.0" encoding="UTF-8"?>
<!-- Generated by org.testng.reporters.JUnitReportReporter -->
<testsuite hostname="DESKTOP-3RHQS1L" failures="0" tests="1" name="com.sample.crud.WithBDD.demoForPutTest" time="2.632" errors="0" timestamp="2024-06-21T17:19:24 IST" skipped="0">
  <testcase classname="com.sample.crud.WithBDD.demoForPutTest" name="updateDataInServer" time="2.632"/>
</testsuite> <!-- com.sample.crud.WithBDD.demoForPutTest -->
