<?xml version="1.0" encoding="UTF-8"?>
<!-- Generated by org.testng.reporters.JUnitReportReporter -->
<testsuite hostname="DESKTOP-3RHQS1L" failures="0" tests="1" name="RequestChaining.Sc2_AddEmpToProject_RC" time="3.665" errors="0" timestamp="2024-06-25T15:09:33 IST" skipped="0">
  <testcase classname="RequestChaining.Sc2_AddEmpToProject_RC" name="addEmpToProjMtd" time="3.665"/>
</testsuite> <!-- RequestChaining.Sc2_AddEmpToProject_RC -->
