<?xml version="1.0" encoding="UTF-8"?>
<!-- Generated by org.testng.reporters.JUnitReportReporter -->
<testsuite hostname="DESKTOP-3RHQS1L" failures="0" tests="1" name="UnderstandBasics.staticImportDemoExecution" time="0.018" errors="0" timestamp="2024-06-22T16:10:11 IST" skipped="0">
  <testcase classname="UnderstandBasics.staticImportDemoExecution" name="staticImpDemoMethod" time="0.018"/>
</testsuite> <!-- UnderstandBasics.staticImportDemoExecution -->
