<?xml version="1.0" encoding="UTF-8"?>
<!-- Generated by org.testng.reporters.JUnitReportReporter -->
<testsuite hostname="DESKTOP-3RHQS1L" failures="0" tests="1" name="demo.demo1" time="10.553" errors="0" timestamp="2024-07-14T23:09:45 IST" skipped="0">
  <testcase classname="demo.demo1" name="m1" time="10.553"/>
</testsuite> <!-- demo.demo1 -->
