<?xml version="1.0" encoding="UTF-8"?>
<!-- Generated by org.testng.reporters.JUnitReportReporter -->
<testsuite hostname="DESKTOP-3RHQS1L" failures="0" tests="1" name="com.sample.crud.withoutBDD.demoForPostTest" time="2.559" errors="0" timestamp="2024-06-21T16:46:42 IST" skipped="0">
  <testcase classname="com.sample.crud.withoutBDD.demoForPostTest" name="postDataToServer" time="2.559"/>
</testsuite> <!-- com.sample.crud.withoutBDD.demoForPostTest -->
