<?xml version="1.0" encoding="UTF-8"?>
<!-- Generated by org.testng.reporters.JUnitReportReporter -->
<testsuite hostname="DESKTOP-3RHQS1L" failures="0" tests="1" name="ResponseValidation.VerifyRespBodyData_ComplexJsonXPath" time="1.922" errors="0" timestamp="2024-06-24T14:44:07 IST" skipped="0">
  <testcase classname="ResponseValidation.VerifyRespBodyData_ComplexJsonXPath" name="complexJsonXPathMtd" time="1.922"/>
</testsuite> <!-- ResponseValidation.VerifyRespBodyData_ComplexJsonXPath -->
