<?xml version="1.0" encoding="UTF-8"?>
<!-- Generated by org.testng.reporters.JUnitReportReporter -->
<testsuite hostname="DESKTOP-3RHQS1L" failures="0" tests="1" name="CRUD_Without_BDD.demoForPatchTest" time="2.163" errors="0" timestamp="2024-07-05T07:30:38 IST" skipped="0">
  <testcase classname="CRUD_Without_BDD.demoForPatchTest" name="updateDataInServer" time="2.163"/>
</testsuite> <!-- CRUD_Without_BDD.demoForPatchTest -->
