<?xml version="1.0" encoding="UTF-8"?>
<!-- Generated by org.testng.reporters.JUnitReportReporter -->
<testsuite hostname="DESKTOP-3RHQS1L" failures="0" tests="1" name="Encryption.EncodeAndDecode_Base64" time="0.011" errors="0" timestamp="2024-07-05T14:15:05 IST" skipped="0">
  <testcase classname="Encryption.EncodeAndDecode_Base64" name="enAndDeMtd" time="0.011"/>
</testsuite> <!-- Encryption.EncodeAndDecode_Base64 -->
